Args in experiment:
Namespace(model='informer', data='ETTh1', root_path='./data/ETT/', data_path='ETTh1.csv', features='M', target='OT', freq='h', checkpoints='./checkpoints/', seq_len=48, label_len=48, pred_len=24, enc_in=7, dec_in=7, c_out=7, d_model=512, n_heads=8, e_layers=2, d_layers=1, s_layers=[3, 2, 1], d_ff=2048, factor=3, padding=0, distil=True, dropout=0.05, attn='prob', embed='timeF', activation='gelu', output_attention=False, do_predict=False, mix=True, cols=None, num_workers=0, itr=5, train_epochs=6, batch_size=32, patience=3, learning_rate=0.0001, des='Exp', loss='mse', lradj='type1', use_amp=False, inverse=False, use_gpu=True, gpu=0, use_multi_gpu=False, devices='0,1,2,3', detail_freq='h')
Use GPU: cuda:0
>>>>>>>start training : informer_ETTh1_ftM_sl48_ll48_pl24_dm512_nh8_el2_dl1_df2048_atprob_fc3_ebtimeF_dtTrue_mxTrue_Exp_0>>>>>>>>>>>>>>>>>>>>>>>>>>
train 8569
val 2857
test 2857
	iters: 100, epoch: 1 | loss: 0.3922119
	speed: 0.0618s/iter; left time: 92.8894s
	iters: 200, epoch: 1 | loss: 0.3426696
	speed: 0.0355s/iter; left time: 49.7889s
Epoch: 1 cost time: 12.097850799560547
Epoch: 1, Steps: 267 | Train Loss: 0.3947874 Vali Loss: 0.6371176 Test Loss: 0.5584446
Validation loss decreased (inf --> 0.637118).  Saving model ...
Updating learning rate to 0.0001
	iters: 100, epoch: 2 | loss: 0.2766914
	speed: 0.0838s/iter; left time: 103.5680s
	iters: 200, epoch: 2 | loss: 0.2701138
	speed: 0.0343s/iter; left time: 38.9181s
Epoch: 2 cost time: 9.50456690788269
Epoch: 2, Steps: 267 | Train Loss: 0.2584766 Vali Loss: 0.6356111 Test Loss: 0.6063149
Validation loss decreased (0.637118 --> 0.635611).  Saving model ...
Updating learning rate to 5e-05
	iters: 100, epoch: 3 | loss: 0.2251419
	speed: 0.0802s/iter; left time: 77.7392s
	iters: 200, epoch: 3 | loss: 0.1885075
	speed: 0.0338s/iter; left time: 29.3724s
Epoch: 3 cost time: 9.294004201889038
Epoch: 3, Steps: 267 | Train Loss: 0.2087857 Vali Loss: 0.6416857 Test Loss: 0.6327593
EarlyStopping counter: 1 out of 3
Updating learning rate to 2.5e-05
	iters: 100, epoch: 4 | loss: 0.2103300
	speed: 0.0775s/iter; left time: 54.3724s
	iters: 200, epoch: 4 | loss: 0.1560293
	speed: 0.0334s/iter; left time: 20.0813s
Epoch: 4 cost time: 9.155930042266846
Epoch: 4, Steps: 267 | Train Loss: 0.1820437 Vali Loss: 0.6875690 Test Loss: 0.6558608
EarlyStopping counter: 2 out of 3
Updating learning rate to 1.25e-05
	iters: 100, epoch: 5 | loss: 0.1612600
	speed: 0.0746s/iter; left time: 32.4432s
	iters: 200, epoch: 5 | loss: 0.1692066
	speed: 0.0367s/iter; left time: 12.3018s
Epoch: 5 cost time: 9.301795959472656
Epoch: 5, Steps: 267 | Train Loss: 0.1690236 Vali Loss: 0.6772426 Test Loss: 0.6358275
EarlyStopping counter: 3 out of 3
Early stopping
>>>>>>>testing : informer_ETTh1_ftM_sl48_ll48_pl24_dm512_nh8_el2_dl1_df2048_atprob_fc3_ebtimeF_dtTrue_mxTrue_Exp_0<<<<<<<<<<<<<<<<<<<<<<<<<<<<<<<<<
test 2857
test shape: (89, 32, 24, 7) (89, 32, 24, 7)
test shape: (2848, 24, 7) (2848, 24, 7)
mse:0.6059759259223938, mae:0.5579099655151367
Use GPU: cuda:0
>>>>>>>start training : informer_ETTh1_ftM_sl48_ll48_pl24_dm512_nh8_el2_dl1_df2048_atprob_fc3_ebtimeF_dtTrue_mxTrue_Exp_1>>>>>>>>>>>>>>>>>>>>>>>>>>
train 8569
val 2857
test 2857
	iters: 100, epoch: 1 | loss: 0.3670674
	speed: 0.0357s/iter; left time: 53.7038s
	iters: 200, epoch: 1 | loss: 0.3263468
	speed: 0.0349s/iter; left time: 49.0302s
Epoch: 1 cost time: 9.492663860321045
Epoch: 1, Steps: 267 | Train Loss: 0.3952110 Vali Loss: 0.6452994 Test Loss: 0.5354955
Validation loss decreased (inf --> 0.645299).  Saving model ...
Updating learning rate to 0.0001
	iters: 100, epoch: 2 | loss: 0.2934168
	speed: 0.0802s/iter; left time: 99.0768s
	iters: 200, epoch: 2 | loss: 0.2591405
	speed: 0.0346s/iter; left time: 39.3519s
Epoch: 2 cost time: 9.630425930023193
Epoch: 2, Steps: 267 | Train Loss: 0.2593212 Vali Loss: 0.6540141 Test Loss: 0.5483851
EarlyStopping counter: 1 out of 3
Updating learning rate to 5e-05
	iters: 100, epoch: 3 | loss: 0.1914415
	speed: 0.0767s/iter; left time: 74.3652s
	iters: 200, epoch: 3 | loss: 0.1870465
	speed: 0.0335s/iter; left time: 29.0794s
Epoch: 3 cost time: 8.96559476852417
Epoch: 3, Steps: 267 | Train Loss: 0.2085620 Vali Loss: 0.6139051 Test Loss: 0.5628979
Validation loss decreased (0.645299 --> 0.613905).  Saving model ...
Updating learning rate to 2.5e-05
	iters: 100, epoch: 4 | loss: 0.1858276
	speed: 0.0822s/iter; left time: 57.7313s
	iters: 200, epoch: 4 | loss: 0.1830353
	speed: 0.0401s/iter; left time: 24.1564s
Epoch: 4 cost time: 10.178158283233643
Epoch: 4, Steps: 267 | Train Loss: 0.1837361 Vali Loss: 0.6385108 Test Loss: 0.5569704
EarlyStopping counter: 1 out of 3
Updating learning rate to 1.25e-05
	iters: 100, epoch: 5 | loss: 0.1558807
	speed: 0.0794s/iter; left time: 34.5196s
	iters: 200, epoch: 5 | loss: 0.1647121
	speed: 0.0330s/iter; left time: 11.0467s
Epoch: 5 cost time: 9.144167423248291
Epoch: 5, Steps: 267 | Train Loss: 0.1720218 Vali Loss: 0.6455835 Test Loss: 0.5785493
EarlyStopping counter: 2 out of 3
Updating learning rate to 6.25e-06
	iters: 100, epoch: 6 | loss: 0.1613110
	speed: 0.0785s/iter; left time: 13.1861s
	iters: 200, epoch: 6 | loss: 0.1732894
	speed: 0.0331s/iter; left time: 2.2515s
Epoch: 6 cost time: 9.321741819381714
Epoch: 6, Steps: 267 | Train Loss: 0.1654032 Vali Loss: 0.6531063 Test Loss: 0.5637413
EarlyStopping counter: 3 out of 3
Early stopping
>>>>>>>testing : informer_ETTh1_ftM_sl48_ll48_pl24_dm512_nh8_el2_dl1_df2048_atprob_fc3_ebtimeF_dtTrue_mxTrue_Exp_1<<<<<<<<<<<<<<<<<<<<<<<<<<<<<<<<<
test 2857
test shape: (89, 32, 24, 7) (89, 32, 24, 7)
test shape: (2848, 24, 7) (2848, 24, 7)
mse:0.5642621517181396, mae:0.5509835481643677
Use GPU: cuda:0
>>>>>>>start training : informer_ETTh1_ftM_sl48_ll48_pl24_dm512_nh8_el2_dl1_df2048_atprob_fc3_ebtimeF_dtTrue_mxTrue_Exp_2>>>>>>>>>>>>>>>>>>>>>>>>>>
train 8569
val 2857
test 2857
	iters: 100, epoch: 1 | loss: 0.4383704
	speed: 0.0356s/iter; left time: 53.5276s
	iters: 200, epoch: 1 | loss: 0.3123732
	speed: 0.0345s/iter; left time: 48.3565s
Epoch: 1 cost time: 9.44472050666809
Epoch: 1, Steps: 267 | Train Loss: 0.3866926 Vali Loss: 0.6175747 Test Loss: 0.5611374
Validation loss decreased (inf --> 0.617575).  Saving model ...
Updating learning rate to 0.0001
	iters: 100, epoch: 2 | loss: 0.2815272
	speed: 0.0799s/iter; left time: 98.8058s
	iters: 200, epoch: 2 | loss: 0.2970173
	speed: 0.0386s/iter; left time: 43.9019s
Epoch: 2 cost time: 9.90902829170227
Epoch: 2, Steps: 267 | Train Loss: 0.2513605 Vali Loss: 0.5850892 Test Loss: 0.4828694
Validation loss decreased (0.617575 --> 0.585089).  Saving model ...
Updating learning rate to 5e-05
	iters: 100, epoch: 3 | loss: 0.1965670
	speed: 0.0858s/iter; left time: 83.1760s
	iters: 200, epoch: 3 | loss: 0.2079668
	speed: 0.0407s/iter; left time: 35.3279s
Epoch: 3 cost time: 10.142170429229736
Epoch: 3, Steps: 267 | Train Loss: 0.2021733 Vali Loss: 0.6541684 Test Loss: 0.5897073
EarlyStopping counter: 1 out of 3
Updating learning rate to 2.5e-05
	iters: 100, epoch: 4 | loss: 0.1505852
	speed: 0.0789s/iter; left time: 55.4036s
	iters: 200, epoch: 4 | loss: 0.1702887
	speed: 0.0381s/iter; left time: 22.9368s
Epoch: 4 cost time: 9.83377194404602
Epoch: 4, Steps: 267 | Train Loss: 0.1763547 Vali Loss: 0.6608576 Test Loss: 0.5536218
EarlyStopping counter: 2 out of 3
Updating learning rate to 1.25e-05
	iters: 100, epoch: 5 | loss: 0.1666270
	speed: 0.0791s/iter; left time: 34.4132s
	iters: 200, epoch: 5 | loss: 0.1492713
	speed: 0.0357s/iter; left time: 11.9480s
Epoch: 5 cost time: 9.591936349868774
Epoch: 5, Steps: 267 | Train Loss: 0.1637806 Vali Loss: 0.6590121 Test Loss: 0.5409085
EarlyStopping counter: 3 out of 3
Early stopping
>>>>>>>testing : informer_ETTh1_ftM_sl48_ll48_pl24_dm512_nh8_el2_dl1_df2048_atprob_fc3_ebtimeF_dtTrue_mxTrue_Exp_2<<<<<<<<<<<<<<<<<<<<<<<<<<<<<<<<<
test 2857
test shape: (89, 32, 24, 7) (89, 32, 24, 7)
test shape: (2848, 24, 7) (2848, 24, 7)
mse:0.48316699266433716, mae:0.4952393174171448
Use GPU: cuda:0
>>>>>>>start training : informer_ETTh1_ftM_sl48_ll48_pl24_dm512_nh8_el2_dl1_df2048_atprob_fc3_ebtimeF_dtTrue_mxTrue_Exp_3>>>>>>>>>>>>>>>>>>>>>>>>>>
train 8569
val 2857
test 2857
	iters: 100, epoch: 1 | loss: 0.4124359
	speed: 0.0348s/iter; left time: 52.2523s
	iters: 200, epoch: 1 | loss: 0.2538439
	speed: 0.0378s/iter; left time: 52.9929s
Epoch: 1 cost time: 10.183923244476318
Epoch: 1, Steps: 267 | Train Loss: 0.3913871 Vali Loss: 0.6294400 Test Loss: 0.5125389
Validation loss decreased (inf --> 0.629440).  Saving model ...
Updating learning rate to 0.0001
	iters: 100, epoch: 2 | loss: 0.2849684
	speed: 0.0948s/iter; left time: 117.2297s
	iters: 200, epoch: 2 | loss: 0.1930596
	speed: 0.0338s/iter; left time: 38.3641s
Epoch: 2 cost time: 9.769028186798096
Epoch: 2, Steps: 267 | Train Loss: 0.2585683 Vali Loss: 0.5960257 Test Loss: 0.5265378
Validation loss decreased (0.629440 --> 0.596026).  Saving model ...
Updating learning rate to 5e-05
	iters: 100, epoch: 3 | loss: 0.2183269
	speed: 0.0805s/iter; left time: 77.9835s
	iters: 200, epoch: 3 | loss: 0.2272882
	speed: 0.0343s/iter; left time: 29.7840s
Epoch: 3 cost time: 9.070926904678345
Epoch: 3, Steps: 267 | Train Loss: 0.2053677 Vali Loss: 0.6015077 Test Loss: 0.4831240
EarlyStopping counter: 1 out of 3
Updating learning rate to 2.5e-05
	iters: 100, epoch: 4 | loss: 0.1638350
	speed: 0.0775s/iter; left time: 54.3916s
	iters: 200, epoch: 4 | loss: 0.1932089
	speed: 0.0361s/iter; left time: 21.7437s
Epoch: 4 cost time: 9.566097259521484
Epoch: 4, Steps: 267 | Train Loss: 0.1820003 Vali Loss: 0.6157750 Test Loss: 0.5606037
EarlyStopping counter: 2 out of 3
Updating learning rate to 1.25e-05
	iters: 100, epoch: 5 | loss: 0.1485716
	speed: 0.0786s/iter; left time: 34.2072s
	iters: 200, epoch: 5 | loss: 0.1760076
	speed: 0.0356s/iter; left time: 11.9243s
Epoch: 5 cost time: 9.579028129577637
Epoch: 5, Steps: 267 | Train Loss: 0.1685710 Vali Loss: 0.6357740 Test Loss: 0.6230265
EarlyStopping counter: 3 out of 3
Early stopping
>>>>>>>testing : informer_ETTh1_ftM_sl48_ll48_pl24_dm512_nh8_el2_dl1_df2048_atprob_fc3_ebtimeF_dtTrue_mxTrue_Exp_3<<<<<<<<<<<<<<<<<<<<<<<<<<<<<<<<<
test 2857
test shape: (89, 32, 24, 7) (89, 32, 24, 7)
test shape: (2848, 24, 7) (2848, 24, 7)
mse:0.5264344811439514, mae:0.5267085433006287
Use GPU: cuda:0
>>>>>>>start training : informer_ETTh1_ftM_sl48_ll48_pl24_dm512_nh8_el2_dl1_df2048_atprob_fc3_ebtimeF_dtTrue_mxTrue_Exp_4>>>>>>>>>>>>>>>>>>>>>>>>>>
train 8569
val 2857
test 2857
	iters: 100, epoch: 1 | loss: 0.3822393
	speed: 0.0344s/iter; left time: 51.7370s
	iters: 200, epoch: 1 | loss: 0.2651057
	speed: 0.0362s/iter; left time: 50.8545s
Epoch: 1 cost time: 9.379403591156006
Epoch: 1, Steps: 267 | Train Loss: 0.3934291 Vali Loss: 0.5847311 Test Loss: 0.5195717
Validation loss decreased (inf --> 0.584731).  Saving model ...
Updating learning rate to 0.0001
	iters: 100, epoch: 2 | loss: 0.2632897
	speed: 0.0797s/iter; left time: 98.5159s
	iters: 200, epoch: 2 | loss: 0.2733203
	speed: 0.0393s/iter; left time: 44.6816s
Epoch: 2 cost time: 9.66183614730835
Epoch: 2, Steps: 267 | Train Loss: 0.2576202 Vali Loss: 0.5893776 Test Loss: 0.5651892
EarlyStopping counter: 1 out of 3
Updating learning rate to 5e-05
	iters: 100, epoch: 3 | loss: 0.2240036
	speed: 0.0771s/iter; left time: 74.6814s
	iters: 200, epoch: 3 | loss: 0.2239212
	speed: 0.0346s/iter; left time: 30.0760s
Epoch: 3 cost time: 9.697272777557373
Epoch: 3, Steps: 267 | Train Loss: 0.2066747 Vali Loss: 0.6097593 Test Loss: 0.5738823
EarlyStopping counter: 2 out of 3
Updating learning rate to 2.5e-05
	iters: 100, epoch: 4 | loss: 0.1841312
	speed: 0.0786s/iter; left time: 55.1738s
	iters: 200, epoch: 4 | loss: 0.1999170
	speed: 0.0377s/iter; left time: 22.6671s
Epoch: 4 cost time: 9.728908777236938
Epoch: 4, Steps: 267 | Train Loss: 0.1804806 Vali Loss: 0.6071542 Test Loss: 0.5718402
EarlyStopping counter: 3 out of 3
Early stopping
>>>>>>>testing : informer_ETTh1_ftM_sl48_ll48_pl24_dm512_nh8_el2_dl1_df2048_atprob_fc3_ebtimeF_dtTrue_mxTrue_Exp_4<<<<<<<<<<<<<<<<<<<<<<<<<<<<<<<<<
test 2857
test shape: (89, 32, 24, 7) (89, 32, 24, 7)
test shape: (2848, 24, 7) (2848, 24, 7)
mse:0.5201676487922668, mae:0.5312161445617676
